[0.179s] DEBUG:colcon:Command line arguments: ['/home/prukubt/.platformio/penv/bin/colcon', 'build']
[0.180s] DEBUG:colcon:Parsed command line arguments: Namespace(log_base=None, log_level=None, verb_name='build', build_base='build', install_base='install', merge_install=False, symlink_install=False, test_result_base=None, continue_on_error=False, executor='parallel', parallel_workers=4, event_handlers=None, ignore_user_meta=False, metas=['./colcon.meta'], base_paths=['.'], packages_ignore=None, packages_ignore_regex=None, paths=None, packages_up_to=None, packages_up_to_regex=None, packages_above=None, packages_above_and_dependencies=None, packages_above_depth=None, packages_select_by_dep=None, packages_skip_by_dep=None, packages_skip_up_to=None, packages_select_build_failed=False, packages_skip_build_finished=False, packages_select_test_failures=False, packages_skip_test_passed=False, packages_select=None, packages_skip=None, packages_select_regex=None, packages_skip_regex=None, packages_start=None, packages_end=None, cmake_args=None, cmake_target=None, cmake_target_skip_unavailable=False, cmake_clean_cache=False, cmake_clean_first=False, cmake_force_configure=False, ament_cmake_args=None, catkin_cmake_args=None, catkin_skip_building_tests=False, verb_parser=<colcon_defaults.argument_parser.defaults.DefaultArgumentsDecorator object at 0xffff7e5bfc20>, verb_extension=<colcon_core.verb.build.BuildVerb object at 0xffff7e5bf770>, main=<bound method BuildVerb.main of <colcon_core.verb.build.BuildVerb object at 0xffff7e5bf770>>)
[0.232s] Level 1:colcon.colcon_core.package_discovery:discover_packages(colcon_meta) check parameters
[0.232s] Level 1:colcon.colcon_core.package_discovery:discover_packages(recursive) check parameters
[0.232s] Level 1:colcon.colcon_core.package_discovery:discover_packages(ignore) check parameters
[0.232s] Level 1:colcon.colcon_core.package_discovery:discover_packages(path) check parameters
[0.232s] Level 1:colcon.colcon_core.package_discovery:discover_packages(colcon_meta) discover
[0.232s] Level 1:colcon.colcon_core.package_discovery:discover_packages(recursive) discover
[0.233s] INFO:colcon.colcon_core.package_discovery:Crawling recursively for packages in '/home/prukubt/392_Agri'
[0.233s] Level 1:colcon.colcon_core.package_identification:_identify(.) by extensions ['ignore', 'ignore_ament_install']
[0.233s] Level 1:colcon.colcon_core.package_identification:_identify(.) by extension 'ignore'
[0.233s] Level 1:colcon.colcon_core.package_identification:_identify(.) by extension 'ignore_ament_install'
[0.233s] Level 1:colcon.colcon_core.package_identification:_identify(.) by extensions ['colcon_pkg']
[0.233s] Level 1:colcon.colcon_core.package_identification:_identify(.) by extension 'colcon_pkg'
[0.233s] Level 1:colcon.colcon_core.package_identification:_identify(.) by extensions ['colcon_meta']
[0.233s] Level 1:colcon.colcon_core.package_identification:_identify(.) by extension 'colcon_meta'
[0.233s] Level 1:colcon.colcon_core.package_identification:_identify(.) by extensions ['ros']
[0.233s] Level 1:colcon.colcon_core.package_identification:_identify(.) by extension 'ros'
[0.270s] Level 1:colcon.colcon_core.package_identification:_identify(.) by extensions ['cmake', 'python']
[0.270s] Level 1:colcon.colcon_core.package_identification:_identify(.) by extension 'cmake'
[0.270s] Level 1:colcon.colcon_core.package_identification:_identify(.) by extension 'python'
[0.270s] Level 1:colcon.colcon_core.package_identification:_identify(.) by extensions ['python_setup_py']
[0.270s] Level 1:colcon.colcon_core.package_identification:_identify(.) by extension 'python_setup_py'
[0.270s] Level 1:colcon.colcon_core.package_identification:_identify(MCU) by extensions ['ignore', 'ignore_ament_install']
[0.270s] Level 1:colcon.colcon_core.package_identification:_identify(MCU) by extension 'ignore'
[0.271s] Level 1:colcon.colcon_core.package_identification:_identify(MCU) by extension 'ignore_ament_install'
[0.271s] Level 1:colcon.colcon_core.package_identification:_identify(MCU) by extensions ['colcon_pkg']
[0.271s] Level 1:colcon.colcon_core.package_identification:_identify(MCU) by extension 'colcon_pkg'
[0.271s] Level 1:colcon.colcon_core.package_identification:_identify(MCU) by extensions ['colcon_meta']
[0.271s] Level 1:colcon.colcon_core.package_identification:_identify(MCU) by extension 'colcon_meta'
[0.271s] Level 1:colcon.colcon_core.package_identification:_identify(MCU) by extensions ['ros']
[0.271s] Level 1:colcon.colcon_core.package_identification:_identify(MCU) by extension 'ros'
[0.271s] Level 1:colcon.colcon_core.package_identification:_identify(MCU) by extensions ['cmake', 'python']
[0.271s] Level 1:colcon.colcon_core.package_identification:_identify(MCU) by extension 'cmake'
[0.271s] Level 1:colcon.colcon_core.package_identification:_identify(MCU) by extension 'python'
[0.271s] Level 1:colcon.colcon_core.package_identification:_identify(MCU) by extensions ['python_setup_py']
[0.271s] Level 1:colcon.colcon_core.package_identification:_identify(MCU) by extension 'python_setup_py'
[0.271s] Level 1:colcon.colcon_core.package_identification:_identify(MCU/include) by extensions ['ignore', 'ignore_ament_install']
[0.271s] Level 1:colcon.colcon_core.package_identification:_identify(MCU/include) by extension 'ignore'
[0.271s] Level 1:colcon.colcon_core.package_identification:_identify(MCU/include) by extension 'ignore_ament_install'
[0.271s] Level 1:colcon.colcon_core.package_identification:_identify(MCU/include) by extensions ['colcon_pkg']
[0.271s] Level 1:colcon.colcon_core.package_identification:_identify(MCU/include) by extension 'colcon_pkg'
[0.272s] Level 1:colcon.colcon_core.package_identification:_identify(MCU/include) by extensions ['colcon_meta']
[0.272s] Level 1:colcon.colcon_core.package_identification:_identify(MCU/include) by extension 'colcon_meta'
[0.272s] Level 1:colcon.colcon_core.package_identification:_identify(MCU/include) by extensions ['ros']
[0.272s] Level 1:colcon.colcon_core.package_identification:_identify(MCU/include) by extension 'ros'
[0.272s] Level 1:colcon.colcon_core.package_identification:_identify(MCU/include) by extensions ['cmake', 'python']
[0.272s] Level 1:colcon.colcon_core.package_identification:_identify(MCU/include) by extension 'cmake'
[0.272s] Level 1:colcon.colcon_core.package_identification:_identify(MCU/include) by extension 'python'
[0.272s] Level 1:colcon.colcon_core.package_identification:_identify(MCU/include) by extensions ['python_setup_py']
[0.272s] Level 1:colcon.colcon_core.package_identification:_identify(MCU/include) by extension 'python_setup_py'
[0.272s] Level 1:colcon.colcon_core.package_identification:_identify(MCU/lib) by extensions ['ignore', 'ignore_ament_install']
[0.272s] Level 1:colcon.colcon_core.package_identification:_identify(MCU/lib) by extension 'ignore'
[0.272s] Level 1:colcon.colcon_core.package_identification:_identify(MCU/lib) by extension 'ignore_ament_install'
[0.272s] Level 1:colcon.colcon_core.package_identification:_identify(MCU/lib) by extensions ['colcon_pkg']
[0.272s] Level 1:colcon.colcon_core.package_identification:_identify(MCU/lib) by extension 'colcon_pkg'
[0.272s] Level 1:colcon.colcon_core.package_identification:_identify(MCU/lib) by extensions ['colcon_meta']
[0.272s] Level 1:colcon.colcon_core.package_identification:_identify(MCU/lib) by extension 'colcon_meta'
[0.272s] Level 1:colcon.colcon_core.package_identification:_identify(MCU/lib) by extensions ['ros']
[0.272s] Level 1:colcon.colcon_core.package_identification:_identify(MCU/lib) by extension 'ros'
[0.272s] Level 1:colcon.colcon_core.package_identification:_identify(MCU/lib) by extensions ['cmake', 'python']
[0.272s] Level 1:colcon.colcon_core.package_identification:_identify(MCU/lib) by extension 'cmake'
[0.273s] Level 1:colcon.colcon_core.package_identification:_identify(MCU/lib) by extension 'python'
[0.273s] Level 1:colcon.colcon_core.package_identification:_identify(MCU/lib) by extensions ['python_setup_py']
[0.273s] Level 1:colcon.colcon_core.package_identification:_identify(MCU/lib) by extension 'python_setup_py'
[0.273s] Level 1:colcon.colcon_core.package_identification:_identify(MCU/lib/Servo) by extensions ['ignore', 'ignore_ament_install']
[0.273s] Level 1:colcon.colcon_core.package_identification:_identify(MCU/lib/Servo) by extension 'ignore'
[0.273s] Level 1:colcon.colcon_core.package_identification:_identify(MCU/lib/Servo) by extension 'ignore_ament_install'
[0.273s] Level 1:colcon.colcon_core.package_identification:_identify(MCU/lib/Servo) by extensions ['colcon_pkg']
[0.273s] Level 1:colcon.colcon_core.package_identification:_identify(MCU/lib/Servo) by extension 'colcon_pkg'
[0.273s] Level 1:colcon.colcon_core.package_identification:_identify(MCU/lib/Servo) by extensions ['colcon_meta']
[0.273s] Level 1:colcon.colcon_core.package_identification:_identify(MCU/lib/Servo) by extension 'colcon_meta'
[0.273s] Level 1:colcon.colcon_core.package_identification:_identify(MCU/lib/Servo) by extensions ['ros']
[0.273s] Level 1:colcon.colcon_core.package_identification:_identify(MCU/lib/Servo) by extension 'ros'
[0.273s] Level 1:colcon.colcon_core.package_identification:_identify(MCU/lib/Servo) by extensions ['cmake', 'python']
[0.273s] Level 1:colcon.colcon_core.package_identification:_identify(MCU/lib/Servo) by extension 'cmake'
[0.273s] Level 1:colcon.colcon_core.package_identification:_identify(MCU/lib/Servo) by extension 'python'
[0.273s] Level 1:colcon.colcon_core.package_identification:_identify(MCU/lib/Servo) by extensions ['python_setup_py']
[0.273s] Level 1:colcon.colcon_core.package_identification:_identify(MCU/lib/Servo) by extension 'python_setup_py'
[0.273s] Level 1:colcon.colcon_core.package_identification:_identify(MCU/lib/encoder) by extensions ['ignore', 'ignore_ament_install']
[0.274s] Level 1:colcon.colcon_core.package_identification:_identify(MCU/lib/encoder) by extension 'ignore'
[0.274s] Level 1:colcon.colcon_core.package_identification:_identify(MCU/lib/encoder) by extension 'ignore_ament_install'
[0.274s] Level 1:colcon.colcon_core.package_identification:_identify(MCU/lib/encoder) by extensions ['colcon_pkg']
[0.274s] Level 1:colcon.colcon_core.package_identification:_identify(MCU/lib/encoder) by extension 'colcon_pkg'
[0.274s] Level 1:colcon.colcon_core.package_identification:_identify(MCU/lib/encoder) by extensions ['colcon_meta']
[0.274s] Level 1:colcon.colcon_core.package_identification:_identify(MCU/lib/encoder) by extension 'colcon_meta'
[0.274s] Level 1:colcon.colcon_core.package_identification:_identify(MCU/lib/encoder) by extensions ['ros']
[0.274s] Level 1:colcon.colcon_core.package_identification:_identify(MCU/lib/encoder) by extension 'ros'
[0.274s] Level 1:colcon.colcon_core.package_identification:_identify(MCU/lib/encoder) by extensions ['cmake', 'python']
[0.274s] Level 1:colcon.colcon_core.package_identification:_identify(MCU/lib/encoder) by extension 'cmake'
[0.274s] Level 1:colcon.colcon_core.package_identification:_identify(MCU/lib/encoder) by extension 'python'
[0.274s] Level 1:colcon.colcon_core.package_identification:_identify(MCU/lib/encoder) by extensions ['python_setup_py']
[0.274s] Level 1:colcon.colcon_core.package_identification:_identify(MCU/lib/encoder) by extension 'python_setup_py'
[0.274s] Level 1:colcon.colcon_core.package_identification:_identify(MCU/lib/imu) by extensions ['ignore', 'ignore_ament_install']
[0.274s] Level 1:colcon.colcon_core.package_identification:_identify(MCU/lib/imu) by extension 'ignore'
[0.274s] Level 1:colcon.colcon_core.package_identification:_identify(MCU/lib/imu) by extension 'ignore_ament_install'
[0.274s] Level 1:colcon.colcon_core.package_identification:_identify(MCU/lib/imu) by extensions ['colcon_pkg']
[0.274s] Level 1:colcon.colcon_core.package_identification:_identify(MCU/lib/imu) by extension 'colcon_pkg'
[0.275s] Level 1:colcon.colcon_core.package_identification:_identify(MCU/lib/imu) by extensions ['colcon_meta']
[0.275s] Level 1:colcon.colcon_core.package_identification:_identify(MCU/lib/imu) by extension 'colcon_meta'
[0.275s] Level 1:colcon.colcon_core.package_identification:_identify(MCU/lib/imu) by extensions ['ros']
[0.275s] Level 1:colcon.colcon_core.package_identification:_identify(MCU/lib/imu) by extension 'ros'
[0.275s] Level 1:colcon.colcon_core.package_identification:_identify(MCU/lib/imu) by extensions ['cmake', 'python']
[0.275s] Level 1:colcon.colcon_core.package_identification:_identify(MCU/lib/imu) by extension 'cmake'
[0.275s] Level 1:colcon.colcon_core.package_identification:_identify(MCU/lib/imu) by extension 'python'
[0.275s] Level 1:colcon.colcon_core.package_identification:_identify(MCU/lib/imu) by extensions ['python_setup_py']
[0.275s] Level 1:colcon.colcon_core.package_identification:_identify(MCU/lib/imu) by extension 'python_setup_py'
[0.275s] Level 1:colcon.colcon_core.package_identification:_identify(MCU/lib/kalman_yaw) by extensions ['ignore', 'ignore_ament_install']
[0.275s] Level 1:colcon.colcon_core.package_identification:_identify(MCU/lib/kalman_yaw) by extension 'ignore'
[0.275s] Level 1:colcon.colcon_core.package_identification:_identify(MCU/lib/kalman_yaw) by extension 'ignore_ament_install'
[0.275s] Level 1:colcon.colcon_core.package_identification:_identify(MCU/lib/kalman_yaw) by extensions ['colcon_pkg']
[0.275s] Level 1:colcon.colcon_core.package_identification:_identify(MCU/lib/kalman_yaw) by extension 'colcon_pkg'
[0.275s] Level 1:colcon.colcon_core.package_identification:_identify(MCU/lib/kalman_yaw) by extensions ['colcon_meta']
[0.275s] Level 1:colcon.colcon_core.package_identification:_identify(MCU/lib/kalman_yaw) by extension 'colcon_meta'
[0.275s] Level 1:colcon.colcon_core.package_identification:_identify(MCU/lib/kalman_yaw) by extensions ['ros']
[0.275s] Level 1:colcon.colcon_core.package_identification:_identify(MCU/lib/kalman_yaw) by extension 'ros'
[0.275s] Level 1:colcon.colcon_core.package_identification:_identify(MCU/lib/kalman_yaw) by extensions ['cmake', 'python']
[0.276s] Level 1:colcon.colcon_core.package_identification:_identify(MCU/lib/kalman_yaw) by extension 'cmake'
[0.276s] Level 1:colcon.colcon_core.package_identification:_identify(MCU/lib/kalman_yaw) by extension 'python'
[0.276s] Level 1:colcon.colcon_core.package_identification:_identify(MCU/lib/kalman_yaw) by extensions ['python_setup_py']
[0.276s] Level 1:colcon.colcon_core.package_identification:_identify(MCU/lib/kalman_yaw) by extension 'python_setup_py'
[0.276s] Level 1:colcon.colcon_core.package_identification:_identify(MCU/lib/micro_ros_arduino) by extensions ['ignore', 'ignore_ament_install']
[0.276s] Level 1:colcon.colcon_core.package_identification:_identify(MCU/lib/micro_ros_arduino) by extension 'ignore'
[0.276s] Level 1:colcon.colcon_core.package_identification:_identify(MCU/lib/micro_ros_arduino) by extension 'ignore_ament_install'
[0.276s] Level 1:colcon.colcon_core.package_identification:_identify(MCU/lib/micro_ros_arduino) by extensions ['colcon_pkg']
[0.276s] Level 1:colcon.colcon_core.package_identification:_identify(MCU/lib/micro_ros_arduino) by extension 'colcon_pkg'
[0.276s] Level 1:colcon.colcon_core.package_identification:_identify(MCU/lib/micro_ros_arduino) by extensions ['colcon_meta']
[0.276s] Level 1:colcon.colcon_core.package_identification:_identify(MCU/lib/micro_ros_arduino) by extension 'colcon_meta'
[0.276s] Level 1:colcon.colcon_core.package_identification:_identify(MCU/lib/micro_ros_arduino) by extensions ['ros']
[0.276s] Level 1:colcon.colcon_core.package_identification:_identify(MCU/lib/micro_ros_arduino) by extension 'ros'
[0.276s] Level 1:colcon.colcon_core.package_identification:_identify(MCU/lib/micro_ros_arduino) by extensions ['cmake', 'python']
[0.276s] Level 1:colcon.colcon_core.package_identification:_identify(MCU/lib/micro_ros_arduino) by extension 'cmake'
[0.276s] Level 1:colcon.colcon_core.package_identification:_identify(MCU/lib/micro_ros_arduino) by extension 'python'
[0.276s] Level 1:colcon.colcon_core.package_identification:_identify(MCU/lib/micro_ros_arduino) by extensions ['python_setup_py']
[0.276s] Level 1:colcon.colcon_core.package_identification:_identify(MCU/lib/micro_ros_arduino) by extension 'python_setup_py'
[0.276s] Level 1:colcon.colcon_core.package_identification:_identify(MCU/lib/micro_ros_if) by extensions ['ignore', 'ignore_ament_install']
[0.277s] Level 1:colcon.colcon_core.package_identification:_identify(MCU/lib/micro_ros_if) by extension 'ignore'
[0.277s] Level 1:colcon.colcon_core.package_identification:_identify(MCU/lib/micro_ros_if) by extension 'ignore_ament_install'
[0.277s] Level 1:colcon.colcon_core.package_identification:_identify(MCU/lib/micro_ros_if) by extensions ['colcon_pkg']
[0.277s] Level 1:colcon.colcon_core.package_identification:_identify(MCU/lib/micro_ros_if) by extension 'colcon_pkg'
[0.277s] Level 1:colcon.colcon_core.package_identification:_identify(MCU/lib/micro_ros_if) by extensions ['colcon_meta']
[0.277s] Level 1:colcon.colcon_core.package_identification:_identify(MCU/lib/micro_ros_if) by extension 'colcon_meta'
[0.277s] Level 1:colcon.colcon_core.package_identification:_identify(MCU/lib/micro_ros_if) by extensions ['ros']
[0.277s] Level 1:colcon.colcon_core.package_identification:_identify(MCU/lib/micro_ros_if) by extension 'ros'
[0.277s] Level 1:colcon.colcon_core.package_identification:_identify(MCU/lib/micro_ros_if) by extensions ['cmake', 'python']
[0.277s] Level 1:colcon.colcon_core.package_identification:_identify(MCU/lib/micro_ros_if) by extension 'cmake'
[0.277s] Level 1:colcon.colcon_core.package_identification:_identify(MCU/lib/micro_ros_if) by extension 'python'
[0.277s] Level 1:colcon.colcon_core.package_identification:_identify(MCU/lib/micro_ros_if) by extensions ['python_setup_py']
[0.277s] Level 1:colcon.colcon_core.package_identification:_identify(MCU/lib/micro_ros_if) by extension 'python_setup_py'
[0.277s] Level 1:colcon.colcon_core.package_identification:_identify(MCU/lib/motor_driver) by extensions ['ignore', 'ignore_ament_install']
[0.277s] Level 1:colcon.colcon_core.package_identification:_identify(MCU/lib/motor_driver) by extension 'ignore'
[0.277s] Level 1:colcon.colcon_core.package_identification:_identify(MCU/lib/motor_driver) by extension 'ignore_ament_install'
[0.277s] Level 1:colcon.colcon_core.package_identification:_identify(MCU/lib/motor_driver) by extensions ['colcon_pkg']
[0.277s] Level 1:colcon.colcon_core.package_identification:_identify(MCU/lib/motor_driver) by extension 'colcon_pkg'
[0.277s] Level 1:colcon.colcon_core.package_identification:_identify(MCU/lib/motor_driver) by extensions ['colcon_meta']
[0.277s] Level 1:colcon.colcon_core.package_identification:_identify(MCU/lib/motor_driver) by extension 'colcon_meta'
[0.278s] Level 1:colcon.colcon_core.package_identification:_identify(MCU/lib/motor_driver) by extensions ['ros']
[0.278s] Level 1:colcon.colcon_core.package_identification:_identify(MCU/lib/motor_driver) by extension 'ros'
[0.278s] Level 1:colcon.colcon_core.package_identification:_identify(MCU/lib/motor_driver) by extensions ['cmake', 'python']
[0.278s] Level 1:colcon.colcon_core.package_identification:_identify(MCU/lib/motor_driver) by extension 'cmake'
[0.278s] Level 1:colcon.colcon_core.package_identification:_identify(MCU/lib/motor_driver) by extension 'python'
[0.278s] Level 1:colcon.colcon_core.package_identification:_identify(MCU/lib/motor_driver) by extensions ['python_setup_py']
[0.278s] Level 1:colcon.colcon_core.package_identification:_identify(MCU/lib/motor_driver) by extension 'python_setup_py'
[0.278s] Level 1:colcon.colcon_core.package_identification:_identify(MCU/lib/pid) by extensions ['ignore', 'ignore_ament_install']
[0.278s] Level 1:colcon.colcon_core.package_identification:_identify(MCU/lib/pid) by extension 'ignore'
[0.278s] Level 1:colcon.colcon_core.package_identification:_identify(MCU/lib/pid) by extension 'ignore_ament_install'
[0.278s] Level 1:colcon.colcon_core.package_identification:_identify(MCU/lib/pid) by extensions ['colcon_pkg']
[0.278s] Level 1:colcon.colcon_core.package_identification:_identify(MCU/lib/pid) by extension 'colcon_pkg'
[0.278s] Level 1:colcon.colcon_core.package_identification:_identify(MCU/lib/pid) by extensions ['colcon_meta']
[0.278s] Level 1:colcon.colcon_core.package_identification:_identify(MCU/lib/pid) by extension 'colcon_meta'
[0.278s] Level 1:colcon.colcon_core.package_identification:_identify(MCU/lib/pid) by extensions ['ros']
[0.278s] Level 1:colcon.colcon_core.package_identification:_identify(MCU/lib/pid) by extension 'ros'
[0.278s] Level 1:colcon.colcon_core.package_identification:_identify(MCU/lib/pid) by extensions ['cmake', 'python']
[0.278s] Level 1:colcon.colcon_core.package_identification:_identify(MCU/lib/pid) by extension 'cmake'
[0.278s] Level 1:colcon.colcon_core.package_identification:_identify(MCU/lib/pid) by extension 'python'
[0.278s] Level 1:colcon.colcon_core.package_identification:_identify(MCU/lib/pid) by extensions ['python_setup_py']
[0.279s] Level 1:colcon.colcon_core.package_identification:_identify(MCU/lib/pid) by extension 'python_setup_py'
[0.279s] Level 1:colcon.colcon_core.package_identification:_identify(MCU/lib/serial_read2) by extensions ['ignore', 'ignore_ament_install']
[0.279s] Level 1:colcon.colcon_core.package_identification:_identify(MCU/lib/serial_read2) by extension 'ignore'
[0.279s] Level 1:colcon.colcon_core.package_identification:_identify(MCU/lib/serial_read2) by extension 'ignore_ament_install'
[0.279s] Level 1:colcon.colcon_core.package_identification:_identify(MCU/lib/serial_read2) by extensions ['colcon_pkg']
[0.279s] Level 1:colcon.colcon_core.package_identification:_identify(MCU/lib/serial_read2) by extension 'colcon_pkg'
[0.279s] Level 1:colcon.colcon_core.package_identification:_identify(MCU/lib/serial_read2) by extensions ['colcon_meta']
[0.279s] Level 1:colcon.colcon_core.package_identification:_identify(MCU/lib/serial_read2) by extension 'colcon_meta'
[0.279s] Level 1:colcon.colcon_core.package_identification:_identify(MCU/lib/serial_read2) by extensions ['ros']
[0.279s] Level 1:colcon.colcon_core.package_identification:_identify(MCU/lib/serial_read2) by extension 'ros'
[0.279s] Level 1:colcon.colcon_core.package_identification:_identify(MCU/lib/serial_read2) by extensions ['cmake', 'python']
[0.279s] Level 1:colcon.colcon_core.package_identification:_identify(MCU/lib/serial_read2) by extension 'cmake'
[0.279s] Level 1:colcon.colcon_core.package_identification:_identify(MCU/lib/serial_read2) by extension 'python'
[0.279s] Level 1:colcon.colcon_core.package_identification:_identify(MCU/lib/serial_read2) by extensions ['python_setup_py']
[0.279s] Level 1:colcon.colcon_core.package_identification:_identify(MCU/lib/serial_read2) by extension 'python_setup_py'
[0.279s] Level 1:colcon.colcon_core.package_identification:_identify(MCU/lib/stepper) by extensions ['ignore', 'ignore_ament_install']
[0.279s] Level 1:colcon.colcon_core.package_identification:_identify(MCU/lib/stepper) by extension 'ignore'
[0.279s] Level 1:colcon.colcon_core.package_identification:_identify(MCU/lib/stepper) by extension 'ignore_ament_install'
[0.280s] Level 1:colcon.colcon_core.package_identification:_identify(MCU/lib/stepper) by extensions ['colcon_pkg']
[0.280s] Level 1:colcon.colcon_core.package_identification:_identify(MCU/lib/stepper) by extension 'colcon_pkg'
[0.280s] Level 1:colcon.colcon_core.package_identification:_identify(MCU/lib/stepper) by extensions ['colcon_meta']
[0.280s] Level 1:colcon.colcon_core.package_identification:_identify(MCU/lib/stepper) by extension 'colcon_meta'
[0.280s] Level 1:colcon.colcon_core.package_identification:_identify(MCU/lib/stepper) by extensions ['ros']
[0.280s] Level 1:colcon.colcon_core.package_identification:_identify(MCU/lib/stepper) by extension 'ros'
[0.280s] Level 1:colcon.colcon_core.package_identification:_identify(MCU/lib/stepper) by extensions ['cmake', 'python']
[0.280s] Level 1:colcon.colcon_core.package_identification:_identify(MCU/lib/stepper) by extension 'cmake'
[0.280s] Level 1:colcon.colcon_core.package_identification:_identify(MCU/lib/stepper) by extension 'python'
[0.280s] Level 1:colcon.colcon_core.package_identification:_identify(MCU/lib/stepper) by extensions ['python_setup_py']
[0.280s] Level 1:colcon.colcon_core.package_identification:_identify(MCU/lib/stepper) by extension 'python_setup_py'
[0.280s] Level 1:colcon.colcon_core.package_identification:_identify(MCU/src) by extensions ['ignore', 'ignore_ament_install']
[0.280s] Level 1:colcon.colcon_core.package_identification:_identify(MCU/src) by extension 'ignore'
[0.280s] Level 1:colcon.colcon_core.package_identification:_identify(MCU/src) by extension 'ignore_ament_install'
[0.280s] Level 1:colcon.colcon_core.package_identification:_identify(MCU/src) by extensions ['colcon_pkg']
[0.280s] Level 1:colcon.colcon_core.package_identification:_identify(MCU/src) by extension 'colcon_pkg'
[0.280s] Level 1:colcon.colcon_core.package_identification:_identify(MCU/src) by extensions ['colcon_meta']
[0.280s] Level 1:colcon.colcon_core.package_identification:_identify(MCU/src) by extension 'colcon_meta'
[0.280s] Level 1:colcon.colcon_core.package_identification:_identify(MCU/src) by extensions ['ros']
[0.280s] Level 1:colcon.colcon_core.package_identification:_identify(MCU/src) by extension 'ros'
[0.281s] Level 1:colcon.colcon_core.package_identification:_identify(MCU/src) by extensions ['cmake', 'python']
[0.281s] Level 1:colcon.colcon_core.package_identification:_identify(MCU/src) by extension 'cmake'
[0.281s] Level 1:colcon.colcon_core.package_identification:_identify(MCU/src) by extension 'python'
[0.281s] Level 1:colcon.colcon_core.package_identification:_identify(MCU/src) by extensions ['python_setup_py']
[0.281s] Level 1:colcon.colcon_core.package_identification:_identify(MCU/src) by extension 'python_setup_py'
[0.281s] Level 1:colcon.colcon_core.package_identification:_identify(MCU/src/node_1) by extensions ['ignore', 'ignore_ament_install']
[0.281s] Level 1:colcon.colcon_core.package_identification:_identify(MCU/src/node_1) by extension 'ignore'
[0.281s] Level 1:colcon.colcon_core.package_identification:_identify(MCU/src/node_1) by extension 'ignore_ament_install'
[0.281s] Level 1:colcon.colcon_core.package_identification:_identify(MCU/src/node_1) by extensions ['colcon_pkg']
[0.281s] Level 1:colcon.colcon_core.package_identification:_identify(MCU/src/node_1) by extension 'colcon_pkg'
[0.281s] Level 1:colcon.colcon_core.package_identification:_identify(MCU/src/node_1) by extensions ['colcon_meta']
[0.281s] Level 1:colcon.colcon_core.package_identification:_identify(MCU/src/node_1) by extension 'colcon_meta'
[0.281s] Level 1:colcon.colcon_core.package_identification:_identify(MCU/src/node_1) by extensions ['ros']
[0.281s] Level 1:colcon.colcon_core.package_identification:_identify(MCU/src/node_1) by extension 'ros'
[0.281s] Level 1:colcon.colcon_core.package_identification:_identify(MCU/src/node_1) by extensions ['cmake', 'python']
[0.281s] Level 1:colcon.colcon_core.package_identification:_identify(MCU/src/node_1) by extension 'cmake'
[0.281s] Level 1:colcon.colcon_core.package_identification:_identify(MCU/src/node_1) by extension 'python'
[0.281s] Level 1:colcon.colcon_core.package_identification:_identify(MCU/src/node_1) by extensions ['python_setup_py']
[0.281s] Level 1:colcon.colcon_core.package_identification:_identify(MCU/src/node_1) by extension 'python_setup_py'
[0.281s] Level 1:colcon.colcon_core.package_identification:_identify(MCU/src/ืnode_2) by extensions ['ignore', 'ignore_ament_install']
[0.282s] Level 1:colcon.colcon_core.package_identification:_identify(MCU/src/ืnode_2) by extension 'ignore'
[0.282s] Level 1:colcon.colcon_core.package_identification:_identify(MCU/src/ืnode_2) by extension 'ignore_ament_install'
[0.282s] Level 1:colcon.colcon_core.package_identification:_identify(MCU/src/ืnode_2) by extensions ['colcon_pkg']
[0.282s] Level 1:colcon.colcon_core.package_identification:_identify(MCU/src/ืnode_2) by extension 'colcon_pkg'
[0.282s] Level 1:colcon.colcon_core.package_identification:_identify(MCU/src/ืnode_2) by extensions ['colcon_meta']
[0.282s] Level 1:colcon.colcon_core.package_identification:_identify(MCU/src/ืnode_2) by extension 'colcon_meta'
[0.282s] Level 1:colcon.colcon_core.package_identification:_identify(MCU/src/ืnode_2) by extensions ['ros']
[0.282s] Level 1:colcon.colcon_core.package_identification:_identify(MCU/src/ืnode_2) by extension 'ros'
[0.282s] Level 1:colcon.colcon_core.package_identification:_identify(MCU/src/ืnode_2) by extensions ['cmake', 'python']
[0.282s] Level 1:colcon.colcon_core.package_identification:_identify(MCU/src/ืnode_2) by extension 'cmake'
[0.282s] Level 1:colcon.colcon_core.package_identification:_identify(MCU/src/ืnode_2) by extension 'python'
[0.282s] Level 1:colcon.colcon_core.package_identification:_identify(MCU/src/ืnode_2) by extensions ['python_setup_py']
[0.282s] Level 1:colcon.colcon_core.package_identification:_identify(MCU/src/ืnode_2) by extension 'python_setup_py'
[0.282s] Level 1:colcon.colcon_core.package_identification:_identify(MCU/test) by extensions ['ignore', 'ignore_ament_install']
[0.282s] Level 1:colcon.colcon_core.package_identification:_identify(MCU/test) by extension 'ignore'
[0.282s] Level 1:colcon.colcon_core.package_identification:_identify(MCU/test) by extension 'ignore_ament_install'
[0.283s] Level 1:colcon.colcon_core.package_identification:_identify(MCU/test) by extensions ['colcon_pkg']
[0.283s] Level 1:colcon.colcon_core.package_identification:_identify(MCU/test) by extension 'colcon_pkg'
[0.283s] Level 1:colcon.colcon_core.package_identification:_identify(MCU/test) by extensions ['colcon_meta']
[0.283s] Level 1:colcon.colcon_core.package_identification:_identify(MCU/test) by extension 'colcon_meta'
[0.283s] Level 1:colcon.colcon_core.package_identification:_identify(MCU/test) by extensions ['ros']
[0.283s] Level 1:colcon.colcon_core.package_identification:_identify(MCU/test) by extension 'ros'
[0.283s] Level 1:colcon.colcon_core.package_identification:_identify(MCU/test) by extensions ['cmake', 'python']
[0.283s] Level 1:colcon.colcon_core.package_identification:_identify(MCU/test) by extension 'cmake'
[0.283s] Level 1:colcon.colcon_core.package_identification:_identify(MCU/test) by extension 'python'
[0.283s] Level 1:colcon.colcon_core.package_identification:_identify(MCU/test) by extensions ['python_setup_py']
[0.283s] Level 1:colcon.colcon_core.package_identification:_identify(MCU/test) by extension 'python_setup_py'
[0.283s] Level 1:colcon.colcon_core.package_identification:_identify(MCU/test/SAFE) by extensions ['ignore', 'ignore_ament_install']
[0.283s] Level 1:colcon.colcon_core.package_identification:_identify(MCU/test/SAFE) by extension 'ignore'
[0.283s] Level 1:colcon.colcon_core.package_identification:_identify(MCU/test/SAFE) by extension 'ignore_ament_install'
[0.283s] Level 1:colcon.colcon_core.package_identification:_identify(MCU/test/SAFE) by extensions ['colcon_pkg']
[0.283s] Level 1:colcon.colcon_core.package_identification:_identify(MCU/test/SAFE) by extension 'colcon_pkg'
[0.283s] Level 1:colcon.colcon_core.package_identification:_identify(MCU/test/SAFE) by extensions ['colcon_meta']
[0.283s] Level 1:colcon.colcon_core.package_identification:_identify(MCU/test/SAFE) by extension 'colcon_meta'
[0.283s] Level 1:colcon.colcon_core.package_identification:_identify(MCU/test/SAFE) by extensions ['ros']
[0.283s] Level 1:colcon.colcon_core.package_identification:_identify(MCU/test/SAFE) by extension 'ros'
[0.284s] Level 1:colcon.colcon_core.package_identification:_identify(MCU/test/SAFE) by extensions ['cmake', 'python']
[0.284s] Level 1:colcon.colcon_core.package_identification:_identify(MCU/test/SAFE) by extension 'cmake'
[0.284s] Level 1:colcon.colcon_core.package_identification:_identify(MCU/test/SAFE) by extension 'python'
[0.284s] Level 1:colcon.colcon_core.package_identification:_identify(MCU/test/SAFE) by extensions ['python_setup_py']
[0.284s] Level 1:colcon.colcon_core.package_identification:_identify(MCU/test/SAFE) by extension 'python_setup_py'
[0.284s] Level 1:colcon.colcon_core.package_identification:_identify(MCU/tools) by extensions ['ignore', 'ignore_ament_install']
[0.284s] Level 1:colcon.colcon_core.package_identification:_identify(MCU/tools) by extension 'ignore'
[0.284s] Level 1:colcon.colcon_core.package_identification:_identify(MCU/tools) by extension 'ignore_ament_install'
[0.284s] Level 1:colcon.colcon_core.package_identification:_identify(MCU/tools) by extensions ['colcon_pkg']
[0.284s] Level 1:colcon.colcon_core.package_identification:_identify(MCU/tools) by extension 'colcon_pkg'
[0.284s] Level 1:colcon.colcon_core.package_identification:_identify(MCU/tools) by extensions ['colcon_meta']
[0.284s] Level 1:colcon.colcon_core.package_identification:_identify(MCU/tools) by extension 'colcon_meta'
[0.284s] Level 1:colcon.colcon_core.package_identification:_identify(MCU/tools) by extensions ['ros']
[0.284s] Level 1:colcon.colcon_core.package_identification:_identify(MCU/tools) by extension 'ros'
[0.284s] Level 1:colcon.colcon_core.package_identification:_identify(MCU/tools) by extensions ['cmake', 'python']
[0.284s] Level 1:colcon.colcon_core.package_identification:_identify(MCU/tools) by extension 'cmake'
[0.284s] Level 1:colcon.colcon_core.package_identification:_identify(MCU/tools) by extension 'python'
[0.284s] Level 1:colcon.colcon_core.package_identification:_identify(MCU/tools) by extensions ['python_setup_py']
[0.284s] Level 1:colcon.colcon_core.package_identification:_identify(MCU/tools) by extension 'python_setup_py'
[0.284s] Level 1:colcon.colcon_core.package_identification:_identify(build) by extensions ['ignore', 'ignore_ament_install']
[0.285s] Level 1:colcon.colcon_core.package_identification:_identify(build) by extension 'ignore'
[0.285s] Level 1:colcon.colcon_core.package_identification:_identify(build) ignored
[0.285s] Level 1:colcon.colcon_core.package_identification:_identify(install) by extensions ['ignore', 'ignore_ament_install']
[0.285s] Level 1:colcon.colcon_core.package_identification:_identify(install) by extension 'ignore'
[0.285s] Level 1:colcon.colcon_core.package_identification:_identify(install) ignored
[0.285s] Level 1:colcon.colcon_core.package_identification:_identify(log) by extensions ['ignore', 'ignore_ament_install']
[0.285s] Level 1:colcon.colcon_core.package_identification:_identify(log) by extension 'ignore'
[0.285s] Level 1:colcon.colcon_core.package_identification:_identify(log) ignored
[0.285s] Level 1:colcon.colcon_core.package_identification:_identify(ros2_ws) by extensions ['ignore', 'ignore_ament_install']
[0.285s] Level 1:colcon.colcon_core.package_identification:_identify(ros2_ws) by extension 'ignore'
[0.285s] Level 1:colcon.colcon_core.package_identification:_identify(ros2_ws) by extension 'ignore_ament_install'
[0.285s] Level 1:colcon.colcon_core.package_identification:_identify(ros2_ws) by extensions ['colcon_pkg']
[0.285s] Level 1:colcon.colcon_core.package_identification:_identify(ros2_ws) by extension 'colcon_pkg'
[0.285s] Level 1:colcon.colcon_core.package_identification:_identify(ros2_ws) by extensions ['colcon_meta']
[0.285s] Level 1:colcon.colcon_core.package_identification:_identify(ros2_ws) by extension 'colcon_meta'
[0.286s] Level 1:colcon.colcon_core.package_identification:_identify(ros2_ws) by extensions ['ros']
[0.286s] Level 1:colcon.colcon_core.package_identification:_identify(ros2_ws) by extension 'ros'
[0.286s] Level 1:colcon.colcon_core.package_identification:_identify(ros2_ws) by extensions ['cmake', 'python']
[0.286s] Level 1:colcon.colcon_core.package_identification:_identify(ros2_ws) by extension 'cmake'
[0.286s] Level 1:colcon.colcon_core.package_identification:_identify(ros2_ws) by extension 'python'
[0.286s] Level 1:colcon.colcon_core.package_identification:_identify(ros2_ws) by extensions ['python_setup_py']
[0.286s] Level 1:colcon.colcon_core.package_identification:_identify(ros2_ws) by extension 'python_setup_py'
[0.286s] Level 1:colcon.colcon_core.package_identification:_identify(ros2_ws/build) by extensions ['ignore', 'ignore_ament_install']
[0.286s] Level 1:colcon.colcon_core.package_identification:_identify(ros2_ws/build) by extension 'ignore'
[0.286s] Level 1:colcon.colcon_core.package_identification:_identify(ros2_ws/build) ignored
[0.286s] Level 1:colcon.colcon_core.package_identification:_identify(ros2_ws/install) by extensions ['ignore', 'ignore_ament_install']
[0.286s] Level 1:colcon.colcon_core.package_identification:_identify(ros2_ws/install) by extension 'ignore'
[0.286s] Level 1:colcon.colcon_core.package_identification:_identify(ros2_ws/install) ignored
[0.286s] Level 1:colcon.colcon_core.package_identification:_identify(ros2_ws/log) by extensions ['ignore', 'ignore_ament_install']
[0.286s] Level 1:colcon.colcon_core.package_identification:_identify(ros2_ws/log) by extension 'ignore'
[0.286s] Level 1:colcon.colcon_core.package_identification:_identify(ros2_ws/log) ignored
[0.286s] Level 1:colcon.colcon_core.package_identification:_identify(ros2_ws/src) by extensions ['ignore', 'ignore_ament_install']
[0.287s] Level 1:colcon.colcon_core.package_identification:_identify(ros2_ws/src) by extension 'ignore'
[0.287s] Level 1:colcon.colcon_core.package_identification:_identify(ros2_ws/src) by extension 'ignore_ament_install'
[0.287s] Level 1:colcon.colcon_core.package_identification:_identify(ros2_ws/src) by extensions ['colcon_pkg']
[0.287s] Level 1:colcon.colcon_core.package_identification:_identify(ros2_ws/src) by extension 'colcon_pkg'
[0.287s] Level 1:colcon.colcon_core.package_identification:_identify(ros2_ws/src) by extensions ['colcon_meta']
[0.287s] Level 1:colcon.colcon_core.package_identification:_identify(ros2_ws/src) by extension 'colcon_meta'
[0.287s] Level 1:colcon.colcon_core.package_identification:_identify(ros2_ws/src) by extensions ['ros']
[0.287s] Level 1:colcon.colcon_core.package_identification:_identify(ros2_ws/src) by extension 'ros'
[0.287s] Level 1:colcon.colcon_core.package_identification:_identify(ros2_ws/src) by extensions ['cmake', 'python']
[0.287s] Level 1:colcon.colcon_core.package_identification:_identify(ros2_ws/src) by extension 'cmake'
[0.287s] Level 1:colcon.colcon_core.package_identification:_identify(ros2_ws/src) by extension 'python'
[0.287s] Level 1:colcon.colcon_core.package_identification:_identify(ros2_ws/src) by extensions ['python_setup_py']
[0.287s] Level 1:colcon.colcon_core.package_identification:_identify(ros2_ws/src) by extension 'python_setup_py'
[0.287s] Level 1:colcon.colcon_core.package_identification:_identify(ros2_ws/src/robot_bringup) by extensions ['ignore', 'ignore_ament_install']
[0.287s] Level 1:colcon.colcon_core.package_identification:_identify(ros2_ws/src/robot_bringup) by extension 'ignore'
[0.287s] Level 1:colcon.colcon_core.package_identification:_identify(ros2_ws/src/robot_bringup) by extension 'ignore_ament_install'
[0.287s] Level 1:colcon.colcon_core.package_identification:_identify(ros2_ws/src/robot_bringup) by extensions ['colcon_pkg']
[0.287s] Level 1:colcon.colcon_core.package_identification:_identify(ros2_ws/src/robot_bringup) by extension 'colcon_pkg'
[0.287s] Level 1:colcon.colcon_core.package_identification:_identify(ros2_ws/src/robot_bringup) by extensions ['colcon_meta']
[0.287s] Level 1:colcon.colcon_core.package_identification:_identify(ros2_ws/src/robot_bringup) by extension 'colcon_meta'
[0.287s] Level 1:colcon.colcon_core.package_identification:_identify(ros2_ws/src/robot_bringup) by extensions ['ros']
[0.288s] Level 1:colcon.colcon_core.package_identification:_identify(ros2_ws/src/robot_bringup) by extension 'ros'
[0.291s] DEBUG:colcon.colcon_core.package_identification:Package 'ros2_ws/src/robot_bringup' with type 'ros.ament_python' and name 'robot_bringup'
[0.291s] Level 1:colcon.colcon_core.package_discovery:discover_packages(recursive) using defaults
[0.291s] Level 1:colcon.colcon_core.package_discovery:discover_packages(ignore) discover
[0.291s] Level 1:colcon.colcon_core.package_discovery:discover_packages(ignore) using defaults
[0.291s] Level 1:colcon.colcon_core.package_discovery:discover_packages(path) discover
[0.291s] Level 1:colcon.colcon_core.package_discovery:discover_packages(path) using defaults
[0.315s] Level 5:colcon.colcon_core.verb:set package 'robot_bringup' build argument 'cmake_args' from command line to 'None'
[0.315s] Level 5:colcon.colcon_core.verb:set package 'robot_bringup' build argument 'cmake_target' from command line to 'None'
[0.316s] Level 5:colcon.colcon_core.verb:set package 'robot_bringup' build argument 'cmake_target_skip_unavailable' from command line to 'False'
[0.316s] Level 5:colcon.colcon_core.verb:set package 'robot_bringup' build argument 'cmake_clean_cache' from command line to 'False'
[0.316s] Level 5:colcon.colcon_core.verb:set package 'robot_bringup' build argument 'cmake_clean_first' from command line to 'False'
[0.316s] Level 5:colcon.colcon_core.verb:set package 'robot_bringup' build argument 'cmake_force_configure' from command line to 'False'
[0.316s] Level 5:colcon.colcon_core.verb:set package 'robot_bringup' build argument 'ament_cmake_args' from command line to 'None'
[0.316s] Level 5:colcon.colcon_core.verb:set package 'robot_bringup' build argument 'catkin_cmake_args' from command line to 'None'
[0.316s] Level 5:colcon.colcon_core.verb:set package 'robot_bringup' build argument 'catkin_skip_building_tests' from command line to 'False'
[0.316s] DEBUG:colcon.colcon_core.verb:Building package 'robot_bringup' with the following arguments: {'ament_cmake_args': None, 'build_base': '/home/prukubt/392_Agri/build/robot_bringup', 'catkin_cmake_args': None, 'catkin_skip_building_tests': False, 'cmake_args': None, 'cmake_clean_cache': False, 'cmake_clean_first': False, 'cmake_force_configure': False, 'cmake_target': None, 'cmake_target_skip_unavailable': False, 'install_base': '/home/prukubt/392_Agri/install/robot_bringup', 'merge_install': False, 'path': '/home/prukubt/392_Agri/ros2_ws/src/robot_bringup', 'symlink_install': False, 'test_result_base': None}
[0.316s] INFO:colcon.colcon_core.executor:Executing jobs using 'parallel' executor
[0.317s] DEBUG:colcon.colcon_parallel_executor.executor.parallel:run_until_complete
[0.317s] INFO:colcon.colcon_ros.task.ament_python.build:Building ROS package in '/home/prukubt/392_Agri/ros2_ws/src/robot_bringup' with build type 'ament_python'
[0.318s] Level 1:colcon.colcon_core.shell:create_environment_hook('robot_bringup', 'ament_prefix_path')
[0.320s] INFO:colcon.colcon_core.plugin_system:Skipping extension 'colcon_core.shell.bat': Not used on non-Windows systems
[0.320s] INFO:colcon.colcon_core.shell:Creating environment hook '/home/prukubt/392_Agri/install/robot_bringup/share/robot_bringup/hook/ament_prefix_path.ps1'
[0.321s] INFO:colcon.colcon_core.shell:Creating environment descriptor '/home/prukubt/392_Agri/install/robot_bringup/share/robot_bringup/hook/ament_prefix_path.dsv'
[0.322s] INFO:colcon.colcon_core.shell:Creating environment hook '/home/prukubt/392_Agri/install/robot_bringup/share/robot_bringup/hook/ament_prefix_path.sh'
[0.322s] INFO:colcon.colcon_core.shell:Skip shell extension 'powershell' for command environment: Not usable outside of PowerShell
[0.322s] DEBUG:colcon.colcon_core.shell:Skip shell extension 'dsv' for command environment
[0.632s] INFO:colcon.colcon_core.task.python.build:Building Python package in '/home/prukubt/392_Agri/ros2_ws/src/robot_bringup'
[0.632s] INFO:colcon.colcon_core.shell:Skip shell extension 'powershell' for command environment: Not usable outside of PowerShell
[0.632s] DEBUG:colcon.colcon_core.shell:Skip shell extension 'dsv' for command environment
[1.220s] DEBUG:colcon.colcon_core.event_handler.log_command:Invoking command in '/home/prukubt/392_Agri/ros2_ws/src/robot_bringup': PYTHONPATH=/home/prukubt/392_Agri/build/robot_bringup/prefix_override:/home/prukubt/.platformio/penv/lib/python3.12/site-packages/colcon_core/task/python/colcon_distutils_commands:/home/prukubt/392_Agri/install/robot_bringup/lib/python3.12/site-packages:${PYTHONPATH} /home/prukubt/.platformio/penv/bin/python -W ignore:setup.py install is deprecated -W ignore:easy_install command is deprecated setup.py egg_info --egg-base ../../../build/robot_bringup build --build-base /home/prukubt/392_Agri/build/robot_bringup/build install --record /home/prukubt/392_Agri/build/robot_bringup/install.log --single-version-externally-managed install_data
[1.794s] DEBUG:colcon.colcon_core.event_handler.log_command:Invoked command in '/home/prukubt/392_Agri/ros2_ws/src/robot_bringup' returned '0': PYTHONPATH=/home/prukubt/392_Agri/build/robot_bringup/prefix_override:/home/prukubt/.platformio/penv/lib/python3.12/site-packages/colcon_core/task/python/colcon_distutils_commands:/home/prukubt/392_Agri/install/robot_bringup/lib/python3.12/site-packages:${PYTHONPATH} /home/prukubt/.platformio/penv/bin/python -W ignore:setup.py install is deprecated -W ignore:easy_install command is deprecated setup.py egg_info --egg-base ../../../build/robot_bringup build --build-base /home/prukubt/392_Agri/build/robot_bringup/build install --record /home/prukubt/392_Agri/build/robot_bringup/install.log --single-version-externally-managed install_data
[1.797s] Level 1:colcon.colcon_core.environment:checking '/home/prukubt/392_Agri/install/robot_bringup' for CMake module files
[1.798s] Level 1:colcon.colcon_core.environment:checking '/home/prukubt/392_Agri/install/robot_bringup' for CMake config files
[1.799s] Level 1:colcon.colcon_core.environment:checking '/home/prukubt/392_Agri/install/robot_bringup/lib'
[1.799s] Level 1:colcon.colcon_core.environment:checking '/home/prukubt/392_Agri/install/robot_bringup/bin'
[1.799s] Level 1:colcon.colcon_core.environment:checking '/home/prukubt/392_Agri/install/robot_bringup/lib/pkgconfig/robot_bringup.pc'
[1.799s] Level 1:colcon.colcon_core.environment:checking '/home/prukubt/392_Agri/install/robot_bringup/lib/python3.12/site-packages'
[1.799s] Level 1:colcon.colcon_core.shell:create_environment_hook('robot_bringup', 'pythonpath')
[1.800s] INFO:colcon.colcon_core.shell:Creating environment hook '/home/prukubt/392_Agri/install/robot_bringup/share/robot_bringup/hook/pythonpath.ps1'
[1.800s] INFO:colcon.colcon_core.shell:Creating environment descriptor '/home/prukubt/392_Agri/install/robot_bringup/share/robot_bringup/hook/pythonpath.dsv'
[1.801s] INFO:colcon.colcon_core.shell:Creating environment hook '/home/prukubt/392_Agri/install/robot_bringup/share/robot_bringup/hook/pythonpath.sh'
[1.801s] Level 1:colcon.colcon_core.environment:checking '/home/prukubt/392_Agri/install/robot_bringup/bin'
[1.801s] Level 1:colcon.colcon_core.environment:create_environment_scripts_only(robot_bringup)
[1.802s] INFO:colcon.colcon_core.shell:Creating package script '/home/prukubt/392_Agri/install/robot_bringup/share/robot_bringup/package.ps1'
[1.803s] INFO:colcon.colcon_core.shell:Creating package descriptor '/home/prukubt/392_Agri/install/robot_bringup/share/robot_bringup/package.dsv'
[1.803s] INFO:colcon.colcon_core.shell:Creating package script '/home/prukubt/392_Agri/install/robot_bringup/share/robot_bringup/package.sh'
[1.804s] INFO:colcon.colcon_core.shell:Creating package script '/home/prukubt/392_Agri/install/robot_bringup/share/robot_bringup/package.bash'
[1.805s] INFO:colcon.colcon_core.shell:Creating package script '/home/prukubt/392_Agri/install/robot_bringup/share/robot_bringup/package.zsh'
[1.805s] Level 1:colcon.colcon_core.environment:create_file_with_runtime_dependencies(/home/prukubt/392_Agri/install/robot_bringup/share/colcon-core/packages/robot_bringup)
[1.806s] DEBUG:colcon.colcon_parallel_executor.executor.parallel:closing loop
[1.806s] DEBUG:colcon.colcon_parallel_executor.executor.parallel:loop closed
[1.806s] DEBUG:colcon.colcon_parallel_executor.executor.parallel:run_until_complete finished with '0'
[1.806s] DEBUG:colcon.colcon_core.event_reactor:joining thread
[1.809s] INFO:colcon.colcon_core.plugin_system:Skipping extension 'colcon_notification.desktop_notification.notify2': 'notify2' not found
[1.809s] INFO:colcon.colcon_core.plugin_system:Skipping extension 'colcon_notification.desktop_notification.notify_send': Could not find 'notify-send'
[1.809s] INFO:colcon.colcon_core.plugin_system:Skipping extension 'colcon_notification.desktop_notification.terminal_notifier': Not used on non-Darwin systems
[1.809s] INFO:colcon.colcon_core.plugin_system:Skipping extension 'colcon_notification.desktop_notification.win32': Not used on non-Windows systems
[1.809s] DEBUG:colcon.colcon_core.event_reactor:joined thread
[1.809s] INFO:colcon.colcon_core.shell:Creating prefix script '/home/prukubt/392_Agri/install/local_setup.ps1'
[1.810s] INFO:colcon.colcon_core.shell:Creating prefix util module '/home/prukubt/392_Agri/install/_local_setup_util_ps1.py'
[1.812s] INFO:colcon.colcon_core.shell:Creating prefix chain script '/home/prukubt/392_Agri/install/setup.ps1'
[1.813s] INFO:colcon.colcon_core.shell:Creating prefix script '/home/prukubt/392_Agri/install/local_setup.sh'
[1.814s] INFO:colcon.colcon_core.shell:Creating prefix util module '/home/prukubt/392_Agri/install/_local_setup_util_sh.py'
[1.815s] INFO:colcon.colcon_core.shell:Creating prefix chain script '/home/prukubt/392_Agri/install/setup.sh'
[1.816s] INFO:colcon.colcon_core.shell:Creating prefix script '/home/prukubt/392_Agri/install/local_setup.bash'
[1.817s] INFO:colcon.colcon_core.shell:Creating prefix chain script '/home/prukubt/392_Agri/install/setup.bash'
[1.819s] INFO:colcon.colcon_core.shell:Creating prefix script '/home/prukubt/392_Agri/install/local_setup.zsh'
[1.819s] INFO:colcon.colcon_core.shell:Creating prefix chain script '/home/prukubt/392_Agri/install/setup.zsh'
