[0.453s] Invoking command in '/home/t/392_project/ros2_ws/src/robot_bringup': DEBUGINFOD_URLS=https://debuginfod.ubuntu.com PYTHONPATH=/home/t/392_project/ros2_ws/build/robot_bringup/prefix_override:/usr/lib/python3/dist-packages/colcon_core/task/python/colcon_distutils_commands:/home/t/392_project/ros2_ws/install/robot_bringup/lib/python3.12/site-packages:${PYTHONPATH} /usr/bin/python3 -W ignore:setup.py install is deprecated -W ignore:easy_install command is deprecated setup.py egg_info --egg-base ../../build/robot_bringup build --build-base /home/t/392_project/ros2_ws/build/robot_bringup/build install --record /home/t/392_project/ros2_ws/build/robot_bringup/install.log --single-version-externally-managed install_data
[0.602s] running egg_info
[0.613s] writing ../../build/robot_bringup/robot_bringup.egg-info/PKG-INFO
[0.613s] writing dependency_links to ../../build/robot_bringup/robot_bringup.egg-info/dependency_links.txt
[0.613s] writing requirements to ../../build/robot_bringup/robot_bringup.egg-info/requires.txt
[0.613s] writing top-level names to ../../build/robot_bringup/robot_bringup.egg-info/top_level.txt
[0.633s] reading manifest file '../../build/robot_bringup/robot_bringup.egg-info/SOURCES.txt'
[0.633s] adding license file 'LICENSE'
[0.633s] writing manifest file '../../build/robot_bringup/robot_bringup.egg-info/SOURCES.txt'
[0.633s] running build
[0.633s] running build_py
[0.634s] running install
[0.637s] running install_lib
[0.647s] running install_data
[0.647s] copying launch/micro_ros.launch.py -> /home/t/392_project/ros2_ws/install/robot_bringup/share/robot_bringup/launch
[0.647s] running install_egg_info
[0.658s] removing '/home/t/392_project/ros2_ws/install/robot_bringup/lib/python3.12/site-packages/robot_bringup-0.0.0-py3.12.egg-info' (and everything under it)
[0.658s] Copying ../../build/robot_bringup/robot_bringup.egg-info to /home/t/392_project/ros2_ws/install/robot_bringup/lib/python3.12/site-packages/robot_bringup-0.0.0-py3.12.egg-info
[0.658s] running install_scripts
[0.728s] writing list of installed files to '/home/t/392_project/ros2_ws/build/robot_bringup/install.log'
[0.744s] Invoked command in '/home/t/392_project/ros2_ws/src/robot_bringup' returned '0': DEBUGINFOD_URLS=https://debuginfod.ubuntu.com PYTHONPATH=/home/t/392_project/ros2_ws/build/robot_bringup/prefix_override:/usr/lib/python3/dist-packages/colcon_core/task/python/colcon_distutils_commands:/home/t/392_project/ros2_ws/install/robot_bringup/lib/python3.12/site-packages:${PYTHONPATH} /usr/bin/python3 -W ignore:setup.py install is deprecated -W ignore:easy_install command is deprecated setup.py egg_info --egg-base ../../build/robot_bringup build --build-base /home/t/392_project/ros2_ws/build/robot_bringup/build install --record /home/t/392_project/ros2_ws/build/robot_bringup/install.log --single-version-externally-managed install_data
