running egg_info
creating ../../build/robot_bringup/robot_bringup.egg-info
writing ../../build/robot_bringup/robot_bringup.egg-info/PKG-INFO
writing dependency_links to ../../build/robot_bringup/robot_bringup.egg-info/dependency_links.txt
writing requirements to ../../build/robot_bringup/robot_bringup.egg-info/requires.txt
writing top-level names to ../../build/robot_bringup/robot_bringup.egg-info/top_level.txt
writing manifest file '../../build/robot_bringup/robot_bringup.egg-info/SOURCES.txt'
reading manifest file '../../build/robot_bringup/robot_bringup.egg-info/SOURCES.txt'
adding license file 'LICENSE'
writing manifest file '../../build/robot_bringup/robot_bringup.egg-info/SOURCES.txt'
running build
running build_py
creating /home/t/392_project/ros2_ws/build/robot_bringup/build
creating /home/t/392_project/ros2_ws/build/robot_bringup/build/lib
creating /home/t/392_project/ros2_ws/build/robot_bringup/build/lib/robot_bringup
copying robot_bringup/__init__.py -> /home/t/392_project/ros2_ws/build/robot_bringup/build/lib/robot_bringup
running install
running install_lib
creating /home/t/392_project/ros2_ws/install/robot_bringup/lib/python3.12/site-packages/robot_bringup
copying /home/t/392_project/ros2_ws/build/robot_bringup/build/lib/robot_bringup/__init__.py -> /home/t/392_project/ros2_ws/install/robot_bringup/lib/python3.12/site-packages/robot_bringup
byte-compiling /home/t/392_project/ros2_ws/install/robot_bringup/lib/python3.12/site-packages/robot_bringup/__init__.py to __init__.cpython-312.pyc
running install_data
creating /home/t/392_project/ros2_ws/install/robot_bringup/share/ament_index
creating /home/t/392_project/ros2_ws/install/robot_bringup/share/ament_index/resource_index
creating /home/t/392_project/ros2_ws/install/robot_bringup/share/ament_index/resource_index/packages
copying resource/robot_bringup -> /home/t/392_project/ros2_ws/install/robot_bringup/share/ament_index/resource_index/packages
copying package.xml -> /home/t/392_project/ros2_ws/install/robot_bringup/share/robot_bringup
running install_egg_info
Copying ../../build/robot_bringup/robot_bringup.egg-info to /home/t/392_project/ros2_ws/install/robot_bringup/lib/python3.12/site-packages/robot_bringup-0.0.0-py3.12.egg-info
running install_scripts
writing list of installed files to '/home/t/392_project/ros2_ws/build/robot_bringup/install.log'
